.IFJcode18
JUMP $FOOL1
LABEL $FNAME0x558d19d0c240
PUSHFRAME
DEFVAR LF@$RTVL0x558d19d0c240
MOVE LF@$RTVL0x558d19d0c240 nil@nil
PUSHS LF@$RTVL0x558d19d0c240
READ LF@$RTVL0x558d19d0c240 string
PUSHS LF@$RTVL0x558d19d0c240
POPS LF@$RTVL0x558d19d0c240
POPFRAME
RETURN
LABEL $FOOL1

JUMP $FOOL2
LABEL $FNAME0x558d19d0c350
PUSHFRAME
DEFVAR LF@$RTVL0x558d19d0c350
MOVE LF@$RTVL0x558d19d0c350 nil@nil
PUSHS LF@$RTVL0x558d19d0c350
READ LF@$RTVL0x558d19d0c350 int
PUSHS LF@$RTVL0x558d19d0c350
POPS LF@$RTVL0x558d19d0c350
POPFRAME
RETURN
LABEL $FOOL2

JUMP $FOOL3
LABEL $FNAME0x558d19d0c460
PUSHFRAME
DEFVAR LF@$RTVL0x558d19d0c460
MOVE LF@$RTVL0x558d19d0c460 nil@nil
PUSHS LF@$RTVL0x558d19d0c460
READ LF@$RTVL0x558d19d0c460 float
PUSHS LF@$RTVL0x558d19d0c460
POPS LF@$RTVL0x558d19d0c460
POPFRAME
RETURN
LABEL $FOOL3

JUMP $FOOL4
LABEL $FNAME0x558d19d0c570
PUSHFRAME
DEFVAR LF@$RTVL0x558d19d0c570
MOVE LF@$RTVL0x558d19d0c570 nil@nil
PUSHS LF@$RTVL0x558d19d0c570
WRITE LF@$P1
PUSHS LF@$RTVL0x558d19d0c570
POPS LF@$RTVL0x558d19d0c570
POPFRAME
RETURN
LABEL $FOOL4

JUMP $FOOL5
LABEL $FNAME0x558d19d0c680
PUSHFRAME
DEFVAR LF@$RTVL0x558d19d0c680
MOVE LF@$RTVL0x558d19d0c680 nil@nil
PUSHS LF@$RTVL0x558d19d0c680
STRLEN LF@$RTVL0x558d19d0c680 LF@$P1
PUSHS LF@$RTVL0x558d19d0c680
POPS LF@$RTVL0x558d19d0c680
POPFRAME
RETURN
LABEL $FOOL5

JUMP $FOOL6
LABEL $FNAME0x558d19d0c790
PUSHFRAME
DEFVAR LF@$RTVL0x558d19d0c790
MOVE LF@$RTVL0x558d19d0c790 nil@nil
PUSHS LF@$RTVL0x558d19d0c790
DEFVAR LF@str_s
MOVE LF@str_s LF@$P1
DEFVAR LF@str_i
MOVE LF@str_i LF@$P2
DEFVAR LF@str_n
MOVE LF@str_n LF@$P3
DEFVAR LF@tmp_concat
DEFVAR LF@str_length
STRLEN LF@str_length LF@str_s
DEFVAR LF@aux1
DEFVAR LF@aux2
GT LF@aux1 LF@str_i int@-1
LT LF@aux2 LF@$P2 LF@str_length
DEFVAR LF@aux3
AND LF@aux3 LF@aux1 LF@aux2
DEFVAR LF@aux4
GT LF@aux4 LF@str_n int@-1
JUMPIFNEQ LEND6 LF@aux3 LF@aux4
DEFVAR LF@cnt
MOVE LF@cnt int@0
DEFVAR LF@aux5
DEFVAR LF@aux6
MOVE LF@$RTVL0x558d19d0c790 string@
LABEL LDO_WHILE6
GETCHAR LF@tmp_concat LF@str_s LF@str_i
CONCAT LF@$RTVL0x558d19d0c790 LF@$RTVL0x558d19d0c790 LF@tmp_concat
ADD LF@str_i LF@str_i int@1
ADD LF@cnt LF@cnt int@1
JUMPIFEQ LEND6 LF@str_i LF@str_length
JUMPIFNEQ LDO_WHILE6 LF@cnt LF@str_n
LABEL LEND6
PUSHS LF@$RTVL0x558d19d0c790
POPS LF@$RTVL0x558d19d0c790
POPFRAME
RETURN
LABEL $FOOL6

JUMP $FOOL7
LABEL $FNAME0x558d19d0c8a0
PUSHFRAME
DEFVAR LF@$RTVL0x558d19d0c8a0
MOVE LF@$RTVL0x558d19d0c8a0 nil@nil
PUSHS LF@$RTVL0x558d19d0c8a0
DEFVAR LF@str_s
MOVE LF@str_s LF@$P1
DEFVAR LF@str_i
MOVE LF@str_i LF@$P2
DEFVAR LF@str_length
STRLEN LF@str_length LF@str_s
DEFVAR LF@aux1
DEFVAR LF@aux2
GT LF@aux1 LF@str_i int@-1
JUMPIFEQ LEND7 LF@aux1 bool@false
LT LF@aux2 LF@str_i LF@str_length
JUMPIFEQ LEND7 LF@aux2 bool@false
STRI2INT LF@$RTVL0x558d19d0c8a0 LF@str_s LF@str_i
LABEL LEND7
PUSHS LF@$RTVL0x558d19d0c8a0
POPS LF@$RTVL0x558d19d0c8a0
POPFRAME
RETURN
LABEL $FOOL7

JUMP $FOOL8
LABEL $FNAME0x558d19d0c9b0
PUSHFRAME
DEFVAR LF@$RTVL0x558d19d0c9b0
MOVE LF@$RTVL0x558d19d0c9b0 nil@nil
PUSHS LF@$RTVL0x558d19d0c9b0
DEFVAR LF@ascii
MOVE LF@ascii LF@$P1
DEFVAR LF@aux1
DEFVAR LF@aux2
GT LF@aux1 LF@ascii int@-1
JUMPIFNEQ LERROR8 LF@aux1 bool@true
LT LF@aux2 LF@ascii int@256
JUMPIFNEQ LERROR8 LF@aux2 bool@true
INT2CHAR LF@$RTVL0x558d19d0c9b0 LF@ascii
JUMP OK8
LABEL LERROR8
#ERROR index error 0-255 ascii
EXIT int@58
LABEL OK8
PUSHS LF@$RTVL0x558d19d0c9b0
POPS LF@$RTVL0x558d19d0c9b0
POPFRAME
RETURN
LABEL $FOOL8

#defvar
PUSHS string@abcdefgh

#prirazeni s declaraci
DEFVAR GF@$0x558d19d0c220
POPS GF@$0x558d19d0c220

CREATEFRAME
#genFcallParID 
DEFVAR TF@$P1
MOVE TF@$P1 GF@$0x558d19d0c220
#fcall
CALL $FNAME0x558d19d0c680
#prirazeni s deklaraci z funkce
DEFVAR GF@$0x558d19d0cb80
MOVE GF@$0x558d19d0cb80 TF@$RTVL0x558d19d0c680

#defvar
PUSHS int@0

#prirazeni s declaraci
DEFVAR GF@$0x558d19d0ce00
POPS GF@$0x558d19d0ce00

#while start
DEFVAR GF@$podminka0
DEFVAR GF@$Tpodminka0
LABEL $WHILE0
#defvar
PUSHS GF@$0x558d19d0ce00

#defvar
PUSHS GF@$0x558d19d0cb80

CREATEFRAME
PUSHFRAME
#jsme tu LtGtLteGte
DEFVAR LF@$lge0
DEFVAR LF@$lge1
DEFVAR LF@$t4
POPS LF@$t4
DEFVAR LF@$t5
POPS LF@$t5
TYPE LF@$lge0 LF@$t4
TYPE LF@$lge1 LF@$t5
JUMPIFNEQ $L0 string@string LF@$lge0
JUMPIFNEQ $L1 string@string LF@$lge1
PUSHS LF@$t5
PUSHS LF@$t4
JUMP $LEND0
LABEL $L1
EXIT int@4
LABEL $L0
JUMPIFNEQ $L2 string@int LF@$lge0
JUMPIFNEQ $L3 string@int LF@$lge1
PUSHS LF@$t5
PUSHS LF@$t4
JUMP $LEND0
LABEL $L3
JUMPIFNEQ $L4 string@float LF@$lge1
PUSHS LF@$t5
PUSHS LF@$t4
INT2FLOATS
JUMP $LEND0
LABEL $L4
EXIT int@4
LABEL $L2
JUMPIFNEQ $L5 string@float LF@$lge0
JUMPIFNEQ $L6 string@float LF@$lge1
PUSHS LF@$t5
PUSHS LF@$t4
JUMP $LEND0
LABEL $L6
JUMPIFNEQ $L7 string@int LF@$lge1
PUSHS LF@$t5
INT2FLOATS
PUSHS LF@$t4
JUMP $LEND0
LABEL $L7
EXIT int@4
LABEL $L5
EXIT int@4
LABEL $LEND0
POPFRAME
LTS
#while ex
POPS GF@$podminka0
TYPE GF@$Tpodminka0 GF@$podminka0
JUMPIFEQ $LTESTEND8 GF@$Tpodminka0 string@bool
JUMPIFEQ $LTEST8 GF@$Tpodminka0 string@nil
MOVE GF@$podminka0 bool@true
JUMP $LTESTEND8
LABEL $LTEST8
MOVE GF@$podminka0 bool@false
LABEL $LTESTEND8
JUMPIFNEQ $WHILEEND0 GF@$podminka0 bool@true
CREATEFRAME
#genFcallParID 
DEFVAR TF@$P1
MOVE TF@$P1 GF@$0x558d19d0c220
#genFcallParT 
DEFVAR TF@$P2
MOVE TF@$P2 int@0
#genFcallParID 
DEFVAR TF@$P3
MOVE TF@$P3 GF@$0x558d19d0ce00
#prirazeni s deklaraci z funkce
DEFVAR GF@$0x558d19d0cff0
MOVE GF@$0x558d19d0cff0 TF@$RTVL0x558d19d0c790

#fcall
CALL $FNAME0x558d19d0c790
CREATEFRAME
#genFcallParID 
DEFVAR TF@$P1
MOVE TF@$P1 GF@$0x558d19d0cff0
#fcall
CALL $FNAME0x558d19d0c570
CREATEFRAME
#genFcallParT 
DEFVAR TF@$P1
MOVE TF@$P1 string@\010
#fcall
CALL $FNAME0x558d19d0c570
#defvar
PUSHS GF@$0x558d19d0ce00

#defvar
PUSHS int@1

CREATEFRAME
PUSHFRAME
#jsme tu add
DEFVAR LF@$2
DEFVAR LF@$3
DEFVAR LF@$t10
POPS LF@$t10
DEFVAR LF@$t11
POPS LF@$t11
TYPE LF@$2 LF@$t10
TYPE LF@$3 LF@$t11
JUMPIFNEQ $L9 string@string LF@$2
JUMPIFNEQ $L10 string@string LF@$3
PUSHS LF@$t11
PUSHS LF@$t10
#addStr
CREATEFRAME
PUSHFRAME
DEFVAR LF@$STR0
POPS LF@$STR0
DEFVAR LF@$STR1
POPS LF@$STR1
DEFVAR LF@$STR2
CONCAT LF@$STR2 LF@$STR1 LF@$STR0
PUSHS LF@$STR2
POPFRAME

JUMP $LEND9
LABEL $L10
EXIT int@4
LABEL $L9
JUMPIFNEQ $L11 string@int LF@$2
JUMPIFNEQ $L12 string@int LF@$3
PUSHS LF@$t11
PUSHS LF@$t10
#add
ADDS

JUMP $LEND9
LABEL $L12
JUMPIFNEQ $L13 string@float LF@$3
PUSHS LF@$t11
PUSHS LF@$t10
INT2FLOATS
#add
ADDS

JUMP $LEND9
LABEL $L13
EXIT int@4
LABEL $L11
JUMPIFNEQ $L14 string@float LF@$2
JUMPIFNEQ $L15 string@float LF@$3
PUSHS LF@$t11
PUSHS LF@$t10
#add
ADDS

JUMP $LEND9
LABEL $L15
JUMPIFNEQ $L16 string@int LF@$3
PUSHS LF@$t11
INT2FLOATS
PUSHS LF@$t10
#add
ADDS

JUMP $LEND9
LABEL $L16
EXIT int@4
LABEL $L14
EXIT int@4
LABEL $LEND9
POPFRAME
#prirazeni
POPS GF@$0x558d19d0ce00

#while end
JUMP $WHILE0
LABEL $WHILEEND0
EXIT int@0
